Hmm ... looks like a package

This is pdfTeX, Version 3.1415926-2.4-1.40.13 (TeX Live 2012)
 restricted \write18 enabled.
entering extended mode

(/private/var/folders/tj/m8gthdxj5pn4kzk4vfv60prr0000gn/T/Rtmpk1avsB/Rd2pdfb776
1ad654fe/Rd2.tex
LaTeX2e <2011/06/27>
Babel <v3.8m> and hyphenation patterns for english, dumylang, nohyphenation, ge
rman-x-2012-05-30, ngerman-x-2012-05-30, afrikaans, ancientgreek, ibycus, arabi
c, armenian, basque, bulgarian, catalan, pinyin, coptic, croatian, czech, danis
h, dutch, ukenglish, usenglishmax, esperanto, estonian, ethiopic, farsi, finnis
h, french, friulan, galician, german, ngerman, swissgerman, monogreek, greek, h
ungarian, icelandic, assamese, bengali, gujarati, hindi, kannada, malayalam, ma
rathi, oriya, panjabi, tamil, telugu, indonesian, interlingua, irish, italian, 
kurmanji, latin, latvian, lithuanian, mongolian, mongolianlmc, bokmal, nynorsk,
 polish, portuguese, romanian, romansh, russian, sanskrit, serbian, serbianc, s
lovak, slovenian, spanish, swedish, turkish, turkmen, ukrainian, uppersorbian, 
welsh, loaded.

(/usr/local/texlive/2012/texmf-dist/tex/latex/base/book.cls
Document Class: book 2007/10/19 v1.4h Standard LaTeX document class
(/usr/local/texlive/2012/texmf-dist/tex/latex/base/bk10.clo))
(/Library/Frameworks/R.framework/Resources/share/texmf/tex/latex/Rd.sty
(/usr/local/texlive/2012/texmf-dist/tex/latex/base/ifthen.sty)
(/usr/local/texlive/2012/texmf-dist/tex/latex/tools/longtable.sty)
(/usr/local/texlive/2012/texmf-dist/tex/latex/tools/bm.sty)
(/usr/local/texlive/2012/texmf-dist/tex/latex/base/alltt.sty)
(/usr/local/texlive/2012/texmf-dist/tex/latex/tools/verbatim.sty)
(/usr/local/texlive/2012/texmf-dist/tex/latex/url/url.sty)
(/usr/local/texlive/2012/texmf-dist/tex/latex/base/textcomp.sty
(/usr/local/texlive/2012/texmf-dist/tex/latex/base/ts1enc.def))
(/usr/local/texlive/2012/texmf-dist/tex/latex/base/fontenc.sty
(/usr/local/texlive/2012/texmf-dist/tex/latex/base/t1enc.def))
(/usr/local/texlive/2012/texmf-dist/tex/latex/psnfss/times.sty)
(/usr/local/texlive/2012/texmf-dist/tex/latex/inconsolata/inconsolata.sty
(/usr/local/texlive/2012/texmf-dist/tex/latex/graphics/keyval.sty))
(/usr/local/texlive/2012/texmf-dist/tex/latex/graphics/color.sty
(/usr/local/texlive/2012/texmf-dist/tex/latex/latexconfig/color.cfg)
(/usr/local/texlive/2012/texmf-dist/tex/latex/pdftex-def/pdftex.def
(/usr/local/texlive/2012/texmf-dist/tex/generic/oberdiek/infwarerr.sty)
(/usr/local/texlive/2012/texmf-dist/tex/generic/oberdiek/ltxcmds.sty)))
(/usr/local/texlive/2012/texmf-dist/tex/latex/hyperref/hyperref.sty
(/usr/local/texlive/2012/texmf-dist/tex/generic/oberdiek/hobsub-hyperref.sty
(/usr/local/texlive/2012/texmf-dist/tex/generic/oberdiek/hobsub-generic.sty))
(/usr/local/texlive/2012/texmf-dist/tex/generic/ifxetex/ifxetex.sty)
(/usr/local/texlive/2012/texmf-dist/tex/latex/oberdiek/kvoptions.sty)
(/usr/local/texlive/2012/texmf-dist/tex/latex/hyperref/pd1enc.def)
(/usr/local/texlive/2012/texmf-dist/tex/latex/latexconfig/hyperref.cfg))

Package hyperref Message: Driver (autodetected): hpdftex.

(/usr/local/texlive/2012/texmf-dist/tex/latex/hyperref/hpdftex.def
(/usr/local/texlive/2012/texmf-dist/tex/latex/oberdiek/rerunfilecheck.sty))

Package hyperref Warning: Option `hyperindex' has already been used,
(hyperref)                setting the option has no effect on input line 361.


Package hyperref Warning: Option `pagebackref' has already been used,
(hyperref)                setting the option has no effect on input line 361.

) (/usr/local/texlive/2012/texmf-dist/tex/latex/base/makeidx.sty)
(/usr/local/texlive/2012/texmf-dist/tex/latex/base/inputenc.sty
(/usr/local/texlive/2012/texmf-dist/tex/latex/base/utf8.def
(/usr/local/texlive/2012/texmf-dist/tex/latex/base/t1enc.dfu)
(/usr/local/texlive/2012/texmf-dist/tex/latex/base/ot1enc.dfu)
(/usr/local/texlive/2012/texmf-dist/tex/latex/base/omsenc.dfu)
(/usr/local/texlive/2012/texmf-dist/tex/latex/base/ts1enc.dfu))
(/usr/local/texlive/2012/texmf-dist/tex/latex/base/latin1.def))
Writing index file Rd2.idx
No file Rd2.aux.
(/usr/local/texlive/2012/texmf-dist/tex/latex/base/ts1cmr.fd)
(/usr/local/texlive/2012/texmf-dist/tex/latex/psnfss/t1ptm.fd)
(/usr/local/texlive/2012/texmf-dist/tex/context/base/supp-pdf.mkii
[Loading MPS to PDF converter (version 2006.09.02).]
) (/usr/local/texlive/2012/texmf-dist/tex/latex/hyperref/nameref.sty
(/usr/local/texlive/2012/texmf-dist/tex/generic/oberdiek/gettitlestring.sty))
(/usr/local/texlive/2012/texmf-dist/tex/latex/inconsolata/t1fi4.fd)
(/usr/local/texlive/2012/texmf-dist/tex/latex/psnfss/t1phv.fd)
(/usr/local/texlive/2012/texmf-dist/tex/latex/base/utf8.def) [1{/usr/local/texl
ive/2012/texmf-var/fonts/map/pdftex/updmap/pdftex.map}]
Overfull \hbox (207.78088pt too wide) in paragraph at lines 82--82
 []\T1/fi4/m/n/9 analyze.multi(list(run1, run2), burnin=100, window.size=20, tr
eespace.points=100, filename="fungus.pdf", labels=c("Chain1", "Chain2"))[] 
(/usr/local/texlive/2012/texmf-dist/tex/latex/base/utf8.def)
Overfull \hbox (45.78088pt too wide) in paragraph at lines 124--124
 []\T1/fi4/m/n/9 single <- analyze.rwty(run1, burnin=100, window.size=20, trees
pace.points=50, filename="Run1.pdf")[] 
[2]
Overfull \hbox (275.28088pt too wide) in paragraph at lines 125--125
 []\T1/fi4/m/n/9 multi <- analyze.rwty(list(run1, run2), burnin=100, window.siz
e=20, treespace.points=50, labels=c("Chain1", "Chain2"), filename="multi analys
is.pdf")[] 
(/usr/local/texlive/2012/texmf-dist/tex/latex/base/utf8.def)
Overfull \hbox (99.78088pt too wide) in paragraph at lines 179--179
 []\T1/fi4/m/n/9 analyze.single(run1, burnin=100, window.size=20, treespace.poi
nts=100, filename="fungus.pdf", labels="Chain1")[] 
(/usr/local/texlive/2012/texmf-dist/tex/latex/base/utf8.def) [3]
(/usr/local/texlive/2012/texmf-dist/tex/latex/base/utf8.def)
Underfull \hbox (badness 1983) in paragraph at lines 224--224
[]\T1/ptm/m/it/10 Compares pos-te-rior prob-a-bil-ity es-ti-mates from mul-ti-p
le MCMC
[4] (/usr/local/texlive/2012/texmf-dist/tex/latex/base/utf8.def)
(/usr/local/texlive/2012/texmf-dist/tex/latex/base/utf8.def)
Overfull \hbox (32.28088pt too wide) in paragraph at lines 319--319
 []\T1/fi4/m/n/9 cumulative.data <- cumulative.freq(run1$trees, burnin=100, win
dow.size=20, gens.per.tree=10000)[] 
(/usr/local/texlive/2012/texmf-dist/tex/latex/base/utf8.def) [5]
(/usr/local/texlive/2012/texmf-dist/tex/latex/base/utf8.def)
Overfull \hbox (23.87674pt too wide) in paragraph at lines 382--383
[]\T1/ptm/m/n/10 A list of clades, as in the first col-umn of a cladetable in a
n rwty.slide or rwty.cumulative
[6] (/usr/local/texlive/2012/texmf-dist/tex/latex/base/utf8.def)
(/usr/local/texlive/2012/texmf-dist/tex/latex/inconsolata/ts1fi4.fd)
(/usr/local/texlive/2012/texmf-dist/tex/latex/base/utf8.def) [7]
(/usr/local/texlive/2012/texmf-dist/tex/latex/base/utf8.def)
(/usr/local/texlive/2012/texmf-dist/tex/latex/base/utf8.def) [8]
(/usr/local/texlive/2012/texmf-dist/tex/latex/base/utf8.def) [9]
Overfull \hbox (113.28088pt too wide) in paragraph at lines 573--573
 []\T1/fi4/m/n/9 tree.dist.matrix(list(run1$trees[[1]], run1$trees[[2]], run1$t
rees[[3]]), treenames=c("tree1", "tree2", "tree3"))[] 
(/usr/local/texlive/2012/texmf-dist/tex/latex/base/utf8.def)
(/usr/local/texlive/2012/texmf-dist/tex/latex/base/utf8.def) [10]
Overfull \hbox (0.78088pt too wide) in paragraph at lines 647--647
 []\T1/fi4/m/n/9 #We have to start by trimming the chain and p table down to a 
reasonable number of trees[] 

Overfull \hbox (45.78088pt too wide) in paragraph at lines 650--650
 []\T1/fi4/m/n/9 gens <- as.numeric(unlist(regmatches(names(run1$trees), gregex
pr(\\(?[0-9]+, names(run1$trees)))))[] 
No file Rd2.ind.
[11] (./Rd2.aux)

Package rerunfilecheck Warning: File `Rd2.out' has changed.
(rerunfilecheck)                Rerun to get outlines right
(rerunfilecheck)                or use package `bookmark'.

 )
(see the transcript file for additional information){/usr/local/texlive/2012/te
xmf-dist/fonts/enc/dvips/base/8r.enc}{/usr/local/texlive/2012/texmf-dist/fonts/
enc/dvips/inconsolata/fi4-ec.enc}</usr/local/texlive/2012/texmf-dist/fonts/type
1/public/inconsolata/Inconsolata.pfb></usr/local/texlive/2012/texmf-dist/fonts/
type1/urw/helvetic/uhvr8a.pfb></usr/local/texlive/2012/texmf-dist/fonts/type1/u
rw/times/utmb8a.pfb></usr/local/texlive/2012/texmf-dist/fonts/type1/urw/times/u
tmr8a.pfb></usr/local/texlive/2012/texmf-dist/fonts/type1/urw/times/utmr8a.pfb>
</usr/local/texlive/2012/texmf-dist/fonts/type1/urw/times/utmri8a.pfb>
Output written on Rd2.pdf (11 pages, 81105 bytes).
Transcript written on Rd2.log.
This is makeindex, version 2.15 [TeX Live 2012] (kpathsea + Thai support).
Scanning input file ./Rd2.idx....done (77 entries accepted, 0 rejected).
Sorting entries....done (533 comparisons).
Generating output file ./Rd2.ind....done (133 lines written, 0 warnings).
Output written in ./Rd2.ind.
Transcript written in ./Rd2.ilg.
This is pdfTeX, Version 3.1415926-2.4-1.40.13 (TeX Live 2012)
 restricted \write18 enabled.
entering extended mode

(/private/var/folders/tj/m8gthdxj5pn4kzk4vfv60prr0000gn/T/Rtmpk1avsB/Rd2pdfb776
1ad654fe/Rd2.tex
LaTeX2e <2011/06/27>
Babel <v3.8m> and hyphenation patterns for english, dumylang, nohyphenation, ge
rman-x-2012-05-30, ngerman-x-2012-05-30, afrikaans, ancientgreek, ibycus, arabi
c, armenian, basque, bulgarian, catalan, pinyin, coptic, croatian, czech, danis
h, dutch, ukenglish, usenglishmax, esperanto, estonian, ethiopic, farsi, finnis
h, french, friulan, galician, german, ngerman, swissgerman, monogreek, greek, h
ungarian, icelandic, assamese, bengali, gujarati, hindi, kannada, malayalam, ma
rathi, oriya, panjabi, tamil, telugu, indonesian, interlingua, irish, italian, 
kurmanji, latin, latvian, lithuanian, mongolian, mongolianlmc, bokmal, nynorsk,
 polish, portuguese, romanian, romansh, russian, sanskrit, serbian, serbianc, s
lovak, slovenian, spanish, swedish, turkish, turkmen, ukrainian, uppersorbian, 
welsh, loaded.

(/usr/local/texlive/2012/texmf-dist/tex/latex/base/book.cls
Document Class: book 2007/10/19 v1.4h Standard LaTeX document class
(/usr/local/texlive/2012/texmf-dist/tex/latex/base/bk10.clo))
(/Library/Frameworks/R.framework/Resources/share/texmf/tex/latex/Rd.sty
(/usr/local/texlive/2012/texmf-dist/tex/latex/base/ifthen.sty)
(/usr/local/texlive/2012/texmf-dist/tex/latex/tools/longtable.sty)
(/usr/local/texlive/2012/texmf-dist/tex/latex/tools/bm.sty)
(/usr/local/texlive/2012/texmf-dist/tex/latex/base/alltt.sty)
(/usr/local/texlive/2012/texmf-dist/tex/latex/tools/verbatim.sty)
(/usr/local/texlive/2012/texmf-dist/tex/latex/url/url.sty)
(/usr/local/texlive/2012/texmf-dist/tex/latex/base/textcomp.sty
(/usr/local/texlive/2012/texmf-dist/tex/latex/base/ts1enc.def))
(/usr/local/texlive/2012/texmf-dist/tex/latex/base/fontenc.sty
(/usr/local/texlive/2012/texmf-dist/tex/latex/base/t1enc.def))
(/usr/local/texlive/2012/texmf-dist/tex/latex/psnfss/times.sty)
(/usr/local/texlive/2012/texmf-dist/tex/latex/inconsolata/inconsolata.sty
(/usr/local/texlive/2012/texmf-dist/tex/latex/graphics/keyval.sty))
(/usr/local/texlive/2012/texmf-dist/tex/latex/graphics/color.sty
(/usr/local/texlive/2012/texmf-dist/tex/latex/latexconfig/color.cfg)
(/usr/local/texlive/2012/texmf-dist/tex/latex/pdftex-def/pdftex.def
(/usr/local/texlive/2012/texmf-dist/tex/generic/oberdiek/infwarerr.sty)
(/usr/local/texlive/2012/texmf-dist/tex/generic/oberdiek/ltxcmds.sty)))
(/usr/local/texlive/2012/texmf-dist/tex/latex/hyperref/hyperref.sty
(/usr/local/texlive/2012/texmf-dist/tex/generic/oberdiek/hobsub-hyperref.sty
(/usr/local/texlive/2012/texmf-dist/tex/generic/oberdiek/hobsub-generic.sty))
(/usr/local/texlive/2012/texmf-dist/tex/generic/ifxetex/ifxetex.sty)
(/usr/local/texlive/2012/texmf-dist/tex/latex/oberdiek/kvoptions.sty)
(/usr/local/texlive/2012/texmf-dist/tex/latex/hyperref/pd1enc.def)
(/usr/local/texlive/2012/texmf-dist/tex/latex/latexconfig/hyperref.cfg))

Package hyperref Message: Driver (autodetected): hpdftex.

(/usr/local/texlive/2012/texmf-dist/tex/latex/hyperref/hpdftex.def
(/usr/local/texlive/2012/texmf-dist/tex/latex/oberdiek/rerunfilecheck.sty))

Package hyperref Warning: Option `hyperindex' has already been used,
(hyperref)                setting the option has no effect on input line 361.


Package hyperref Warning: Option `pagebackref' has already been used,
(hyperref)                setting the option has no effect on input line 361.

) (/usr/local/texlive/2012/texmf-dist/tex/latex/base/makeidx.sty)
(/usr/local/texlive/2012/texmf-dist/tex/latex/base/inputenc.sty
(/usr/local/texlive/2012/texmf-dist/tex/latex/base/utf8.def
(/usr/local/texlive/2012/texmf-dist/tex/latex/base/t1enc.dfu)
(/usr/local/texlive/2012/texmf-dist/tex/latex/base/ot1enc.dfu)
(/usr/local/texlive/2012/texmf-dist/tex/latex/base/omsenc.dfu)
(/usr/local/texlive/2012/texmf-dist/tex/latex/base/ts1enc.dfu))
(/usr/local/texlive/2012/texmf-dist/tex/latex/base/latin1.def))
Writing index file Rd2.idx
(./Rd2.aux) (/usr/local/texlive/2012/texmf-dist/tex/latex/base/ts1cmr.fd)
(/usr/local/texlive/2012/texmf-dist/tex/latex/psnfss/t1ptm.fd)
(/usr/local/texlive/2012/texmf-dist/tex/context/base/supp-pdf.mkii
[Loading MPS to PDF converter (version 2006.09.02).]
) (/usr/local/texlive/2012/texmf-dist/tex/latex/hyperref/nameref.sty
(/usr/local/texlive/2012/texmf-dist/tex/generic/oberdiek/gettitlestring.sty))
(./Rd2.out) (./Rd2.out)
(/usr/local/texlive/2012/texmf-dist/tex/latex/inconsolata/t1fi4.fd)
(/usr/local/texlive/2012/texmf-dist/tex/latex/psnfss/t1phv.fd) (./Rd2.toc)
(/usr/local/texlive/2012/texmf-dist/tex/latex/base/utf8.def) [1{/usr/local/texl
ive/2012/texmf-var/fonts/map/pdftex/updmap/pdftex.map}]
Overfull \hbox (207.78088pt too wide) in paragraph at lines 82--82
 []\T1/fi4/m/n/9 analyze.multi(list(run1, run2), burnin=100, window.size=20, tr
eespace.points=100, filename="fungus.pdf", labels=c("Chain1", "Chain2"))[] 
(/usr/local/texlive/2012/texmf-dist/tex/latex/base/utf8.def) [2]
Overfull \hbox (45.78088pt too wide) in paragraph at lines 124--124
 []\T1/fi4/m/n/9 single <- analyze.rwty(run1, burnin=100, window.size=20, trees
pace.points=50, filename="Run1.pdf")[] 

Overfull \hbox (275.28088pt too wide) in paragraph at lines 125--125
 []\T1/fi4/m/n/9 multi <- analyze.rwty(list(run1, run2), burnin=100, window.siz
e=20, treespace.points=50, labels=c("Chain1", "Chain2"), filename="multi analys
is.pdf")[] 
(/usr/local/texlive/2012/texmf-dist/tex/latex/base/utf8.def) [3]
Overfull \hbox (99.78088pt too wide) in paragraph at lines 179--179
 []\T1/fi4/m/n/9 analyze.single(run1, burnin=100, window.size=20, treespace.poi
nts=100, filename="fungus.pdf", labels="Chain1")[] 
(/usr/local/texlive/2012/texmf-dist/tex/latex/base/utf8.def)
(/usr/local/texlive/2012/texmf-dist/tex/latex/base/utf8.def)
Underfull \hbox (badness 1983) in paragraph at lines 224--224
[]\T1/ptm/m/it/10 Compares pos-te-rior prob-a-bil-ity es-ti-mates from mul-ti-p
le MCMC
[4] (/usr/local/texlive/2012/texmf-dist/tex/latex/base/utf8.def)
(/usr/local/texlive/2012/texmf-dist/tex/latex/base/utf8.def) [5]
Overfull \hbox (32.28088pt too wide) in paragraph at lines 319--319
 []\T1/fi4/m/n/9 cumulative.data <- cumulative.freq(run1$trees, burnin=100, win
dow.size=20, gens.per.tree=10000)[] 
(/usr/local/texlive/2012/texmf-dist/tex/latex/base/utf8.def)
(/usr/local/texlive/2012/texmf-dist/tex/latex/base/utf8.def) [6]
Overfull \hbox (23.87674pt too wide) in paragraph at lines 382--383
[]\T1/ptm/m/n/10 A list of clades, as in the first col-umn of a cladetable in a
n rwty.slide or rwty.cumulative
(/usr/local/texlive/2012/texmf-dist/tex/latex/base/utf8.def)
(/usr/local/texlive/2012/texmf-dist/tex/latex/inconsolata/ts1fi4.fd) [7]
(/usr/local/texlive/2012/texmf-dist/tex/latex/base/utf8.def)
(/usr/local/texlive/2012/texmf-dist/tex/latex/base/utf8.def) [8]
(/usr/local/texlive/2012/texmf-dist/tex/latex/base/utf8.def)
(/usr/local/texlive/2012/texmf-dist/tex/latex/base/utf8.def) [9]
Overfull \hbox (113.28088pt too wide) in paragraph at lines 573--573
 []\T1/fi4/m/n/9 tree.dist.matrix(list(run1$trees[[1]], run1$trees[[2]], run1$t
rees[[3]]), treenames=c("tree1", "tree2", "tree3"))[] 
(/usr/local/texlive/2012/texmf-dist/tex/latex/base/utf8.def)
(/usr/local/texlive/2012/texmf-dist/tex/latex/base/utf8.def) [10]
Overfull \hbox (0.78088pt too wide) in paragraph at lines 647--647
 []\T1/fi4/m/n/9 #We have to start by trimming the chain and p table down to a 
reasonable number of trees[] 

Overfull \hbox (45.78088pt too wide) in paragraph at lines 650--650
 []\T1/fi4/m/n/9 gens <- as.numeric(unlist(regmatches(names(run1$trees), gregex
pr(\\(?[0-9]+, names(run1$trees)))))[] 
(./Rd2.ind [11] [12] [13]) (./Rd2.aux)

Package rerunfilecheck Warning: File `Rd2.out' has changed.
(rerunfilecheck)                Rerun to get outlines right
(rerunfilecheck)                or use package `bookmark'.

 )
(see the transcript file for additional information){/usr/local/texlive/2012/te
xmf-dist/fonts/enc/dvips/base/8r.enc}{/usr/local/texlive/2012/texmf-dist/fonts/
enc/dvips/inconsolata/fi4-ec.enc}</usr/local/texlive/2012/texmf-dist/fonts/type
1/public/inconsolata/Inconsolata.pfb></usr/local/texlive/2012/texmf-dist/fonts/
type1/public/amsfonts/cm/cmsy10.pfb></usr/local/texlive/2012/texmf-dist/fonts/t
ype1/urw/helvetic/uhvr8a.pfb></usr/local/texlive/2012/texmf-dist/fonts/type1/ur
w/times/utmb8a.pfb></usr/local/texlive/2012/texmf-dist/fonts/type1/urw/times/ut
mr8a.pfb></usr/local/texlive/2012/texmf-dist/fonts/type1/urw/times/utmr8a.pfb><
/usr/local/texlive/2012/texmf-dist/fonts/type1/urw/times/utmri8a.pfb>
Output written on Rd2.pdf (13 pages, 96933 bytes).
Transcript written on Rd2.log.
This is makeindex, version 2.15 [TeX Live 2012] (kpathsea + Thai support).
Scanning input file ./Rd2.idx....done (77 entries accepted, 0 rejected).
Sorting entries....done (533 comparisons).
Generating output file ./Rd2.ind....done (133 lines written, 0 warnings).
Output written in ./Rd2.ind.
Transcript written in ./Rd2.ilg.
This is pdfTeX, Version 3.1415926-2.4-1.40.13 (TeX Live 2012)
 restricted \write18 enabled.
entering extended mode

(/private/var/folders/tj/m8gthdxj5pn4kzk4vfv60prr0000gn/T/Rtmpk1avsB/Rd2pdfb776
1ad654fe/Rd2.tex
LaTeX2e <2011/06/27>
Babel <v3.8m> and hyphenation patterns for english, dumylang, nohyphenation, ge
rman-x-2012-05-30, ngerman-x-2012-05-30, afrikaans, ancientgreek, ibycus, arabi
c, armenian, basque, bulgarian, catalan, pinyin, coptic, croatian, czech, danis
h, dutch, ukenglish, usenglishmax, esperanto, estonian, ethiopic, farsi, finnis
h, french, friulan, galician, german, ngerman, swissgerman, monogreek, greek, h
ungarian, icelandic, assamese, bengali, gujarati, hindi, kannada, malayalam, ma
rathi, oriya, panjabi, tamil, telugu, indonesian, interlingua, irish, italian, 
kurmanji, latin, latvian, lithuanian, mongolian, mongolianlmc, bokmal, nynorsk,
 polish, portuguese, romanian, romansh, russian, sanskrit, serbian, serbianc, s
lovak, slovenian, spanish, swedish, turkish, turkmen, ukrainian, uppersorbian, 
welsh, loaded.

(/usr/local/texlive/2012/texmf-dist/tex/latex/base/book.cls
Document Class: book 2007/10/19 v1.4h Standard LaTeX document class
(/usr/local/texlive/2012/texmf-dist/tex/latex/base/bk10.clo))
(/Library/Frameworks/R.framework/Resources/share/texmf/tex/latex/Rd.sty
(/usr/local/texlive/2012/texmf-dist/tex/latex/base/ifthen.sty)
(/usr/local/texlive/2012/texmf-dist/tex/latex/tools/longtable.sty)
(/usr/local/texlive/2012/texmf-dist/tex/latex/tools/bm.sty)
(/usr/local/texlive/2012/texmf-dist/tex/latex/base/alltt.sty)
(/usr/local/texlive/2012/texmf-dist/tex/latex/tools/verbatim.sty)
(/usr/local/texlive/2012/texmf-dist/tex/latex/url/url.sty)
(/usr/local/texlive/2012/texmf-dist/tex/latex/base/textcomp.sty
(/usr/local/texlive/2012/texmf-dist/tex/latex/base/ts1enc.def))
(/usr/local/texlive/2012/texmf-dist/tex/latex/base/fontenc.sty
(/usr/local/texlive/2012/texmf-dist/tex/latex/base/t1enc.def))
(/usr/local/texlive/2012/texmf-dist/tex/latex/psnfss/times.sty)
(/usr/local/texlive/2012/texmf-dist/tex/latex/inconsolata/inconsolata.sty
(/usr/local/texlive/2012/texmf-dist/tex/latex/graphics/keyval.sty))
(/usr/local/texlive/2012/texmf-dist/tex/latex/graphics/color.sty
(/usr/local/texlive/2012/texmf-dist/tex/latex/latexconfig/color.cfg)
(/usr/local/texlive/2012/texmf-dist/tex/latex/pdftex-def/pdftex.def
(/usr/local/texlive/2012/texmf-dist/tex/generic/oberdiek/infwarerr.sty)
(/usr/local/texlive/2012/texmf-dist/tex/generic/oberdiek/ltxcmds.sty)))
(/usr/local/texlive/2012/texmf-dist/tex/latex/hyperref/hyperref.sty
(/usr/local/texlive/2012/texmf-dist/tex/generic/oberdiek/hobsub-hyperref.sty
(/usr/local/texlive/2012/texmf-dist/tex/generic/oberdiek/hobsub-generic.sty))
(/usr/local/texlive/2012/texmf-dist/tex/generic/ifxetex/ifxetex.sty)
(/usr/local/texlive/2012/texmf-dist/tex/latex/oberdiek/kvoptions.sty)
(/usr/local/texlive/2012/texmf-dist/tex/latex/hyperref/pd1enc.def)
(/usr/local/texlive/2012/texmf-dist/tex/latex/latexconfig/hyperref.cfg))

Package hyperref Message: Driver (autodetected): hpdftex.

(/usr/local/texlive/2012/texmf-dist/tex/latex/hyperref/hpdftex.def
(/usr/local/texlive/2012/texmf-dist/tex/latex/oberdiek/rerunfilecheck.sty))

Package hyperref Warning: Option `hyperindex' has already been used,
(hyperref)                setting the option has no effect on input line 361.


Package hyperref Warning: Option `pagebackref' has already been used,
(hyperref)                setting the option has no effect on input line 361.

) (/usr/local/texlive/2012/texmf-dist/tex/latex/base/makeidx.sty)
(/usr/local/texlive/2012/texmf-dist/tex/latex/base/inputenc.sty
(/usr/local/texlive/2012/texmf-dist/tex/latex/base/utf8.def
(/usr/local/texlive/2012/texmf-dist/tex/latex/base/t1enc.dfu)
(/usr/local/texlive/2012/texmf-dist/tex/latex/base/ot1enc.dfu)
(/usr/local/texlive/2012/texmf-dist/tex/latex/base/omsenc.dfu)
(/usr/local/texlive/2012/texmf-dist/tex/latex/base/ts1enc.dfu))
(/usr/local/texlive/2012/texmf-dist/tex/latex/base/latin1.def))
Writing index file Rd2.idx
(./Rd2.aux) (/usr/local/texlive/2012/texmf-dist/tex/latex/base/ts1cmr.fd)
(/usr/local/texlive/2012/texmf-dist/tex/latex/psnfss/t1ptm.fd)
(/usr/local/texlive/2012/texmf-dist/tex/context/base/supp-pdf.mkii
[Loading MPS to PDF converter (version 2006.09.02).]
) (/usr/local/texlive/2012/texmf-dist/tex/latex/hyperref/nameref.sty
(/usr/local/texlive/2012/texmf-dist/tex/generic/oberdiek/gettitlestring.sty))
(./Rd2.out) (./Rd2.out)
(/usr/local/texlive/2012/texmf-dist/tex/latex/inconsolata/t1fi4.fd)
(/usr/local/texlive/2012/texmf-dist/tex/latex/psnfss/t1phv.fd) (./Rd2.toc)
(/usr/local/texlive/2012/texmf-dist/tex/latex/base/utf8.def) [1{/usr/local/texl
ive/2012/texmf-var/fonts/map/pdftex/updmap/pdftex.map}]
Overfull \hbox (207.78088pt too wide) in paragraph at lines 82--82
 []\T1/fi4/m/n/9 analyze.multi(list(run1, run2), burnin=100, window.size=20, tr
eespace.points=100, filename="fungus.pdf", labels=c("Chain1", "Chain2"))[] 
(/usr/local/texlive/2012/texmf-dist/tex/latex/base/utf8.def) [2]
Overfull \hbox (45.78088pt too wide) in paragraph at lines 124--124
 []\T1/fi4/m/n/9 single <- analyze.rwty(run1, burnin=100, window.size=20, trees
pace.points=50, filename="Run1.pdf")[] 

Overfull \hbox (275.28088pt too wide) in paragraph at lines 125--125
 []\T1/fi4/m/n/9 multi <- analyze.rwty(list(run1, run2), burnin=100, window.siz
e=20, treespace.points=50, labels=c("Chain1", "Chain2"), filename="multi analys
is.pdf")[] 
(/usr/local/texlive/2012/texmf-dist/tex/latex/base/utf8.def) [3]
Overfull \hbox (99.78088pt too wide) in paragraph at lines 179--179
 []\T1/fi4/m/n/9 analyze.single(run1, burnin=100, window.size=20, treespace.poi
nts=100, filename="fungus.pdf", labels="Chain1")[] 
(/usr/local/texlive/2012/texmf-dist/tex/latex/base/utf8.def)
(/usr/local/texlive/2012/texmf-dist/tex/latex/base/utf8.def)
Underfull \hbox (badness 1983) in paragraph at lines 224--224
[]\T1/ptm/m/it/10 Compares pos-te-rior prob-a-bil-ity es-ti-mates from mul-ti-p
le MCMC
[4] (/usr/local/texlive/2012/texmf-dist/tex/latex/base/utf8.def)
(/usr/local/texlive/2012/texmf-dist/tex/latex/base/utf8.def) [5]
Overfull \hbox (32.28088pt too wide) in paragraph at lines 319--319
 []\T1/fi4/m/n/9 cumulative.data <- cumulative.freq(run1$trees, burnin=100, win
dow.size=20, gens.per.tree=10000)[] 
(/usr/local/texlive/2012/texmf-dist/tex/latex/base/utf8.def)
(/usr/local/texlive/2012/texmf-dist/tex/latex/base/utf8.def) [6]
Overfull \hbox (23.87674pt too wide) in paragraph at lines 382--383
[]\T1/ptm/m/n/10 A list of clades, as in the first col-umn of a cladetable in a
n rwty.slide or rwty.cumulative
(/usr/local/texlive/2012/texmf-dist/tex/latex/base/utf8.def)
(/usr/local/texlive/2012/texmf-dist/tex/latex/inconsolata/ts1fi4.fd) [7]
(/usr/local/texlive/2012/texmf-dist/tex/latex/base/utf8.def)
(/usr/local/texlive/2012/texmf-dist/tex/latex/base/utf8.def) [8]
(/usr/local/texlive/2012/texmf-dist/tex/latex/base/utf8.def)
(/usr/local/texlive/2012/texmf-dist/tex/latex/base/utf8.def) [9]
Overfull \hbox (113.28088pt too wide) in paragraph at lines 573--573
 []\T1/fi4/m/n/9 tree.dist.matrix(list(run1$trees[[1]], run1$trees[[2]], run1$t
rees[[3]]), treenames=c("tree1", "tree2", "tree3"))[] 
(/usr/local/texlive/2012/texmf-dist/tex/latex/base/utf8.def)
(/usr/local/texlive/2012/texmf-dist/tex/latex/base/utf8.def) [10]
Overfull \hbox (0.78088pt too wide) in paragraph at lines 647--647
 []\T1/fi4/m/n/9 #We have to start by trimming the chain and p table down to a 
reasonable number of trees[] 

Overfull \hbox (45.78088pt too wide) in paragraph at lines 650--650
 []\T1/fi4/m/n/9 gens <- as.numeric(unlist(regmatches(names(run1$trees), gregex
pr(\\(?[0-9]+, names(run1$trees)))))[] 
(./Rd2.ind [11] [12] [13]) (./Rd2.aux) )
(see the transcript file for additional information){/usr/local/texlive/2012/te
xmf-dist/fonts/enc/dvips/base/8r.enc}{/usr/local/texlive/2012/texmf-dist/fonts/
enc/dvips/inconsolata/fi4-ec.enc}</usr/local/texlive/2012/texmf-dist/fonts/type
1/public/inconsolata/Inconsolata.pfb></usr/local/texlive/2012/texmf-dist/fonts/
type1/public/amsfonts/cm/cmsy10.pfb></usr/local/texlive/2012/texmf-dist/fonts/t
ype1/urw/helvetic/uhvr8a.pfb></usr/local/texlive/2012/texmf-dist/fonts/type1/ur
w/times/utmb8a.pfb></usr/local/texlive/2012/texmf-dist/fonts/type1/urw/times/ut
mr8a.pfb></usr/local/texlive/2012/texmf-dist/fonts/type1/urw/times/utmr8a.pfb><
/usr/local/texlive/2012/texmf-dist/fonts/type1/urw/times/utmri8a.pfb>
Output written on Rd2.pdf (13 pages, 97306 bytes).
Transcript written on Rd2.log.
Saving output to 'rwty-manual.pdf' ...
Done
You may want to clean up by 'rm -rf /var/folders/tj/m8gthdxj5pn4kzk4vfv60prr0000gn/T//Rtmpk1avsB/Rd2pdfb7761ad654fe'
