#cycle	#treegen	time	loglik	length	alpha	nocc	stat	statalpha	kappa	allocent
1	19	8919	-4.72912e+06	3.19703	0.748318	26447	1.25181	9.91725	61.3388	9.29625
2	46	16052	-4.30102e+06	3.8834	0.756111	26778	1.29774	6.95876	6751.2	9.24415
3	67	23467	-4.05761e+06	4.62366	0.831809	26597	1.32985	5.88856	7038.75	9.19234
4	102	30375	-3.86571e+06	5.14363	0.925834	26109	1.36181	5.3527	6906.36	9.14009
5	127	36798	-3.63029e+06	5.5642	1.01386	25579	1.39066	5.06552	6691.88	9.0785
6	158	43007	-3.51476e+06	6.51047	1.02043	24846	1.41096	5.00148	6440.57	9.00991
7	187	49051	-3.46033e+06	7.86664	0.971052	23927	1.41735	5.00148	6224.87	8.93531
8	214	54561	-3.40745e+06	8.26699	0.936393	23076	1.42714	5.00247	6032.06	8.86567
9	243	59781	-3.38383e+06	8.89249	0.905484	22205	1.43098	5.00069	5766.85	8.79519
10	270	64998	-3.34151e+06	9.84964	0.871614	21261	1.4337	5.00069	5403.43	8.7206
11	305	70330	-3.32793e+06	10.4599	0.837866	20343	1.43304	5.0002	5163.03	8.64806
12	340	75383	-3.32284e+06	10.7228	0.810635	19538	1.43246	5.00056	4827.18	8.58561
13	371	80330	-3.32188e+06	10.9551	0.788394	18720	1.43004	5.00067	4619.27	8.52188
14	410	84890	-3.32035e+06	11.1813	0.76934	18000	1.43156	5.00067	4300.86	8.46883
15	445	89351	-3.32109e+06	11.0871	0.75658	17267	1.43183	5.00067	4080.86	8.41743
16	482	93705	-3.32068e+06	11.5068	0.7419	16520	1.43038	5.00232	3934.13	8.36272
17	515	97753	-3.32298e+06	11.7009	0.732468	15831	1.43146	5.00096	3648.42	8.31165
18	544	101602	-3.32285e+06	11.7777	0.722624	15132	1.43066	5.00096	3481.34	8.25939
19	575	105294	-3.3232e+06	12.5618	0.712634	14520	1.42895	5.00087	3310.83	8.20956
20	600	108837	-3.32388e+06	12.8322	0.704266	13937	1.42999	5.00715	3145.6	8.16598
21	623	112410	-3.32492e+06	13.1408	0.695025	13395	1.4292	5.00769	3000.41	8.12011
22	648	115968	-3.3247e+06	13.1541	0.689093	12899	1.42934	5.00206	2812.91	8.07477
23	667	119321	-3.32549e+06	13.3163	0.682012	12428	1.4284	5.00206	2647.9	8.03446
24	694	122801	-3.32553e+06	13.5414	0.676787	11976	1.42794	5.00006	2597.55	7.99947
25	723	126356	-3.32782e+06	13.8137	0.670396	11547	1.42773	5.00006	2457.4	7.96366
26	752	129761	-3.32737e+06	13.8949	0.666028	11288	1.42745	5.00254	2347.17	7.93008
27	783	133082	-3.32905e+06	14.1956	0.662049	10914	1.42899	5.00147	2276.8	7.8936
28	812	136260	-3.32869e+06	14.4845	0.659461	10557	1.4272	5.00267	2219.45	7.85743
29	835	139325	-3.32939e+06	14.5245	0.654957	10170	1.42767	5.0015	2063.14	7.82586
30	862	142361	-3.32972e+06	14.6804	0.653081	9832	1.42648	5.00156	1989.97	7.7904
31	891	145346	-3.32992e+06	14.7038	0.652593	9556	1.42597	5.00403	1945.37	7.75815
32	922	148318	-3.33163e+06	14.8567	0.648651	9275	1.42605	5.00052	1855.55	7.72666
33	951	151188	-3.33259e+06	15.0273	0.64655	9009	1.42484	5.00118	1766.71	7.69567
34	970	154055	-3.33387e+06	15.1152	0.643013	8769	1.42518	5.00111	1686.06	7.66453
35	1003	156877	-3.33393e+06	15.3316	0.640879	8500	1.42519	5.00153	1661.05	7.63448
36	1036	159589	-3.33571e+06	15.548	0.637142	8257	1.42543	5.00153	1586.14	7.60697
37	1065	162243	-3.33634e+06	15.661	0.634879	7992	1.42648	5.00128	1546.14	7.58439
38	1096	164904	-3.33643e+06	15.7422	0.6332	7727	1.42661	5.00128	1473.15	7.55843
39	1131	167495	-3.33737e+06	15.9291	0.630666	7539	1.42731	5.00101	1424.14	7.53533
40	1150	169995	-3.33774e+06	16.1225	0.62741	7367	1.42859	5.00299	1417.25	7.51293
41	1183	172436	-3.33745e+06	16.089	0.625417	7102	1.42719	5.00565	1352.06	7.48862
42	1210	174774	-3.33766e+06	16.1733	0.622708	6933	1.42702	5.00569	1277.95	7.46327
43	1243	176912	-3.33863e+06	16.3173	0.620969	6752	1.42664	5.00376	1243.55	7.4402
44	1276	178956	-3.33819e+06	16.2346	0.620303	6658	1.42634	5.00554	1227.2	7.42263
45	1311	181003	-3.3393e+06	16.3782	0.619533	6512	1.42633	5.0002	1195.45	7.39984
46	1342	183016	-3.33999e+06	16.5497	0.61979	6411	1.42743	5.00815	1181.83	7.38038
47	1373	184972	-3.34107e+06	16.5427	0.617788	6240	1.42681	5.00395	1146.44	7.36146
48	1406	186915	-3.34176e+06	16.5736	0.617764	6088	1.42682	5.00198	1117.43	7.34004
49	1433	188920	-3.34196e+06	16.677	0.615434	5939	1.42707	5.00392	1070.14	7.32217
50	1462	190942	-3.34392e+06	16.7584	0.613045	5760	1.42898	5.00151	1019.98	7.30147
51	1493	192884	-3.34429e+06	16.8265	0.612253	5648	1.428	5.00148	1013.49	7.28655
52	1518	194781	-3.34443e+06	16.9648	0.611336	5526	1.42781	5.001	955.861	7.2697
53	1537	196612	-3.34444e+06	16.8958	0.610789	5416	1.42975	5.00264	926.497	7.24796
54	1568	198382	-3.34658e+06	16.9604	0.608593	5320	1.42949	5.00013	944.782	7.22939
55	1587	200076	-3.34663e+06	17.0174	0.608469	5218	1.4281	5.00013	884.817	7.2151
56	1616	201729	-3.34635e+06	17.0065	0.607896	5156	1.429	5.00005	889.807	7.20134
57	1643	203311	-3.34699e+06	17.0076	0.607819	5061	1.42977	5.00005	870.656	7.18703
58	1670	204936	-3.34895e+06	17.0079	0.607924	4960	1.43124	5.00034	858.938	7.17093
59	1695	206530	-3.34925e+06	17.1234	0.607584	4855	1.4303	5.00191	832.148	7.15463
60	1722	208087	-3.34949e+06	17.1098	0.607187	4757	1.43153	5.00146	798.529	7.14278
61	1749	209609	-3.34978e+06	17.1337	0.607367	4685	1.43176	5.00179	783.492	7.13183
62	1778	211202	-3.35016e+06	17.2232	0.606085	4600	1.43096	5.00191	784.574	7.11614
63	1813	212759	-3.35062e+06	17.2106	0.605814	4546	1.43032	5.00687	765.094	7.09858
64	1844	214284	-3.35117e+06	17.2619	0.605052	4433	1.43164	5.00076	743.242	7.08194
65	1867	215822	-3.35235e+06	17.1842	0.604261	4372	1.43286	5.00678	732.161	7.06999
66	1892	217370	-3.35242e+06	17.2431	0.604107	4283	1.43167	5.00113	723.724	7.0543
67	1921	218964	-3.35365e+06	17.3991	0.603556	4243	1.4319	5.00252	731.549	7.04074
68	1946	220376	-3.35533e+06	17.5618	0.603541	4187	1.43262	5.00247	698.063	7.02783
69	1973	221771	-3.35437e+06	17.6605	0.602656	4111	1.43186	5.00295	687.256	7.01005
70	2002	223144	-3.35567e+06	17.6302	0.604839	4035	1.43226	5.00161	642.269	6.99834
71	2031	224523	-3.356e+06	17.537	0.604366	3968	1.43094	5.00161	664.804	6.98441
72	2048	225793	-3.35641e+06	17.4714	0.605028	3903	1.4324	5.00087	629.895	6.97219
73	2077	227097	-3.35667e+06	17.3843	0.604391	3830	1.43105	5.00439	630.32	6.95971
74	2104	228508	-3.35714e+06	17.3832	0.604612	3775	1.4316	5.00149	619.499	6.95055
75	2135	229935	-3.35644e+06	17.5838	0.603424	3722	1.43184	5.00066	591.415	6.93916
76	2160	231279	-3.35751e+06	17.6867	0.604283	3678	1.43257	5.01216	593.818	6.92827
77	2185	232614	-3.35761e+06	17.6216	0.603187	3639	1.43287	5.0006	582.346	6.91857
78	2210	233913	-3.35837e+06	17.6144	0.604069	3605	1.43267	5.00675	581.568	6.90812
79	2237	235210	-3.35871e+06	17.4441	0.604926	3563	1.43203	5.00827	562.794	6.89726
80	2270	236522	-3.35886e+06	17.5451	0.605568	3527	1.43218	5.00219	564.009	6.88492
81	2305	237893	-3.3595e+06	17.7264	0.60471	3487	1.4317	5.00366	535.995	6.87384
82	2336	239224	-3.36027e+06	17.7092	0.603491	3431	1.43243	5.01007	545.501	6.86742
83	2363	240588	-3.36044e+06	17.943	0.601629	3396	1.43336	5.00047	524.02	6.86195
84	2384	241794	-3.36069e+06	17.8281	0.601315	3345	1.433	5.00025	528.179	6.85076
85	2403	243018	-3.3611e+06	17.7093	0.60018	3294	1.43291	5.00136	518.532	6.8443
86	2434	244279	-3.36199e+06	17.8353	0.599233	3276	1.43453	5.00315	527.17	6.83606
87	2457	245559	-3.36261e+06	17.7913	0.600818	3237	1.43484	5.00152	501.593	6.8254
88	2486	246854	-3.36221e+06	17.8506	0.600267	3190	1.43453	5.00535	502.059	6.81795
89	2509	248103	-3.36332e+06	17.8218	0.599605	3156	1.43432	5.01448	502.833	6.80889
90	2534	249331	-3.36241e+06	17.9201	0.599605	3114	1.43577	5.00272	475.475	6.80124
91	2563	250492	-3.36318e+06	17.825	0.598384	3106	1.43642	5.00612	498.964	6.79511
92	2594	251642	-3.36292e+06	17.9112	0.597549	3075	1.43476	5.00791	471.232	6.78918
93	2627	252781	-3.36445e+06	17.9086	0.598576	3038	1.43608	5.00247	469.093	6.78003
94	2650	253894	-3.36441e+06	17.894	0.5982	3019	1.43724	5.00167	472.302	6.76825
95	2677	255018	-3.36558e+06	17.9651	0.598197	2996	1.43568	5.00578	452.739	6.7583
96	2702	256144	-3.36554e+06	17.6882	0.59743	2983	1.43609	5.00101	459.518	6.75322
97	2731	257279	-3.36599e+06	17.8806	0.59829	2946	1.43646	5.0069	452.471	6.74135
98	2754	258366	-3.36509e+06	17.8193	0.598758	2909	1.43593	5.00204	463.853	6.73076
99	2779	259473	-3.36557e+06	17.8181	0.597752	2876	1.43656	5.00727	425.693	6.71874
100	2810	260592	-3.3652e+06	17.9667	0.596442	2847	1.43532	5.00301	446.909	6.70758
